Arguments: 
  C:\Program Files\nodejs\node.exe C:\Users\bykov\AppData\Roaming\npm\node_modules\yarn\bin\yarn.js run build

PATH: 
  C:\work\saasless\glate\packages\express\node_modules\.bin;C:\work\saasless\glate\packages\node_modules\.bin;C:\work\saasless\glate\node_modules\.bin;C:\work\saasless\node_modules\.bin;C:\work\node_modules\.bin;C:\node_modules\.bin;C:\Program Files\nodejs;C:\work\saasless\glate\node_modules\.bin;C:\Users\bykov\AppData\Local\Yarn\Data\link\node_modules\.bin;C:\work\saasless\glate\node_modules\.bin;C:\work\saasless\glate\node_modules\.bin;C:\Users\bykov\AppData\Local\Yarn\Data\link\node_modules\.bin;C:\work\saasless\glate\node_modules\.bin;C:\Users\bykov\AppData\Local\Yarn\bin;C:\Program Files\libexec\lib\node_modules\npm\bin\node-gyp-bin;C:\Program Files\lib\node_modules\npm\bin\node-gyp-bin;C:\Program Files\nodejs\node_modules\npm\bin\node-gyp-bin;C:\Program Files\Git\mingw64\bin;C:\Program Files\Git\usr\bin;C:\Users\bykov\bin;C:\ProgramData\DockerDesktop\version-bin;C:\Program Files\Docker\Docker\Resources\bin;C:\Program Files (x86)\Common Files\Oracle\Java\javapath;C:\Windows\system32;C:\Windows;C:\Windows\System32\Wbem;C:\Windows\System32\WindowsPowerShell\v1.0;C:\Program Files\Microsoft SQL Server\120\Tools\Binn;C:\Program Files\Microsoft SQL Server\130\Tools\Binn;C:\Program Files\Microsoft\Web Platform Installer;C:\Program Files\dotnet;C:\Program Files\Microsoft SQL Server\Client SDK\ODBC\110\Tools\Binn;C:\Program Files (x86)\Microsoft SQL Server\120\Tools\Binn;C:\Program Files\Microsoft SQL Server\120\DTS\Binn;C:\Program Files (x86)\Microsoft SQL Server\120\Tools\Binn\ManagementStudio;C:\Program Files (x86)\Microsoft SQL Server\120\DTS\Binn;C:\Program Files\Git\cmd;C:\Program Files\TortoiseHg;C:\Program Files (x86)\NVIDIA Corporation\PhysX\Common;C:\Program Files\Redis;C:\WINDOWS\system32;C:\WINDOWS;C:\WINDOWS\System32\Wbem;C:\WINDOWS\System32\WindowsPowerShell\v1.0;C:\Program Files\Microsoft DNX\Dnvm;C:\WINDOWS\System32\OpenSSH;C:\Program Files\Amazon\AWSCLI;C:\Program Files\up;C:\Program Files\nodejs;C:\Users\bykov\AppData\Local\Programs\Python\Python36-32\Scripts;C:\Users\bykov\AppData\Local\Programs\Python\Python36-32;C:\Users\bykov\AppData\Local\Microsoft\WindowsApps;C:\Program Files\Microsoft VS Code\bin;C:\Program Files\Amazon\AWSCLI\bin;C:\Users\bykov\AppData\Local\Programs\Microsoft VS Code\bin;C:\Users\bykov\AppData\Roaming\Python\Python36\Scripts;C:\work\qr\ngrok;C:\Users\bykov\AppData\Roaming\npm

Yarn version: 
  1.5.1

Node version: 
  12.9.0

Platform: 
  win32 x64

npm manifest: 
  {
    "name": "@glate/express",
    "version": "0.0.1",
    "main": "dist/index",
    "types": "dist/index",
    "files": [
      "dist"
    ],
    "scripts": {
      "build": "npm run clean && npm run compile",
      "clean": "rm -rf ./dist",
      "compile": "tsc -p tsconfig.build.json",
      "prepublishOnly": "npm run build"
    },
    "dependencies": {
      "@glate/core": "^0.0.1",
      "express": "^4.17.1"
    },
    "devDependencies": {
      "typescript": "~3.4.5"
    }
  }

yarn manifest: 
  No manifest

Lockfile: 
  No lockfile

Trace: 
  Error: package.json: EPIPE: broken pipe, write
      at Socket._write (internal/net.js:58:25)
      at doWrite (_stream_writable.js:428:12)
      at writeOrBuffer (_stream_writable.js:412:5)
      at Socket.Writable.write (_stream_writable.js:302:11)
      at ConsoleReporter.warn (C:\Users\bykov\AppData\Roaming\npm\node_modules\yarn\lib\cli.js:92953:17)
      at warn (C:\Users\bykov\AppData\Roaming\npm\node_modules\yarn\lib\cli.js:52423:23)
      at module.exports.exports.default (C:\Users\bykov\AppData\Roaming\npm\node_modules\yarn\lib\cli.js:37567:7)
      at C:\Users\bykov\AppData\Roaming\npm\node_modules\yarn\lib\cli.js:52434:51
      at Generator.next (<anonymous>)
      at step (C:\Users\bykov\AppData\Roaming\npm\node_modules\yarn\lib\cli.js:98:30)
